npm warn deprecated @esbuild-kit/esm-loader@2.6.5: Merged into tsx: https://tsx.is
npm warn deprecated @esbuild-kit/core-utils@3.3.2: Merged into tsx: https://tsx.is
npm warn deprecated inflight@1.0.6: This module is not supported, and leaks memory. Do not use it. Check out lru-cache if you want a good and tested way to coalesce async requests by a key value, which is much more comprehensive and powerful.
npm warn deprecated rimraf@3.0.2: Rimraf versions prior to v4 are no longer supported
npm warn deprecated npmlog@5.0.1: This package is no longer supported.
npm warn deprecated are-we-there-yet@2.0.0: This package is no longer supported.
npm warn deprecated glob@7.2.3: Old versions of glob are not supported, and contain widely publicized security vulnerabilities, which have been fixed in the current version. Please update. Support for old versions may be purchased (at exorbitant rates) by contacting i@izs.me
npm warn deprecated gauge@3.0.2: This package is no longer supported.
npm warn deprecated tar@6.2.1: Old versions of tar are not supported, and contain widely publicized security vulnerabilities, which have been fixed in the current version. Please update. Support for old versions may be purchased (at exorbitant rates) by contacting i@izs.me

> rest-express@1.0.0 postinstall
> npm run build


> rest-express@1.0.0 build
> node node_modules/tsx/dist/cli.mjs script/build.ts

building client...
vite v5.4.21 building for production...
transforming...

A PostCSS plugin did not pass the `from` option to `postcss.parse`. This may cause imported assets to be incorrectly transformed. If you've recently added a PostCSS plugin that raised this warning, please contact the package author to fix the issue.
âœ“ 3552 modules transformed.
rendering chunks...
computing gzip size...
../dist/public/index.html                     0.98 kB â”‚ gzip:   0.56 kB
../dist/public/assets/logo-DwpnHF_f.png     155.77 kB
../dist/public/assets/index-CzMkbacy.css     96.75 kB â”‚ gzip:  15.75 kB
../dist/public/assets/index-BL5CNaGH.js   1,468.63 kB â”‚ gzip: 395.42 kB

(!) Some chunks are larger than 500 kB after minification. Consider:
- Using dynamic import() to code-split the application
- Use build.rollupOptions.output.manualChunks to improve chunking: https://rollupjs.org/configuration-options/#output-manualchunks
- Adjust chunk size limit for this warning via build.chunkSizeWarningLimit.
âœ“ built in 15.60s
building server...
â–² [WARNING] The CommonJS "module" variable is treated as a global variable in an ECMAScript module and may not work as expected [commonjs-variable-in-esm]

    server/index.ts:203:3:
      203 â”‚   (module as any).exports = app;
          â•µ    ~~~~~~

  This file is considered to be an ECMAScript module because of the "export" keyword here:

    server/index.ts:199:0:
      199 â”‚ export default app;
          â•µ ~~~~~~

âœ˜ [ERROR] No loader is configured for ".html" files: node_modules/@mapbox/node-pre-gyp/lib/util/nw-pre-gyp/index.html

    node_modules/@mapbox/node-pre-gyp/lib/node-pre-gyp.js:86:21:
      86 â”‚       return require('./' + command)(self, argvx, callback);
         â•µ                      ~~~~~~~~~~~~~~

âœ˜ [ERROR] Could not resolve "mock-aws-s3"

    node_modules/@mapbox/node-pre-gyp/lib/util/s3_setup.js:43:28:
      43 â”‚     const AWSMock = require('mock-aws-s3');
         â•µ                             ~~~~~~~~~~~~~

  You can mark the path "mock-aws-s3" as external to exclude it from the bundle, which will remove this error and leave the unresolved path in the bundle. You can also surround this "require" call with a try/catch block to handle this failure at run-time instead of bundle-time.

âœ˜ [ERROR] Could not resolve "aws-sdk"

    node_modules/@mapbox/node-pre-gyp/lib/util/s3_setup.js:76:22:
      76 â”‚   const AWS = require('aws-sdk');
         â•µ                       ~~~~~~~~~

  You can mark the path "aws-sdk" as external to exclude it from the bundle, which will remove this error and leave the unresolved path in the bundle. You can also surround this "require" call with a try/catch block to handle this failure at run-time instead of bundle-time.

âœ˜ [ERROR] Could not resolve "nock"

    node_modules/@mapbox/node-pre-gyp/lib/util/s3_setup.js:112:23:
      112 â”‚   const nock = require('nock');
          â•µ                        ~~~~~~

  You can mark the path "nock" as external to exclude it from the bundle, which will remove this error and leave the unresolved path in the bundle. You can also surround this "require" call with a try/catch block to handle this failure at run-time instead of bundle-time.

1 warning and 4 errors
Error: Build failed with 4 errors:
node_modules/@mapbox/node-pre-gyp/lib/node-pre-gyp.js:86:21: ERROR: No loader is configured for ".html" files: node_modules/@mapbox/node-pre-gyp/lib/util/nw-pre-gyp/index.html
node_modules/@mapbox/node-pre-gyp/lib/util/s3_setup.js:43:28: ERROR: Could not resolve "mock-aws-s3"
node_modules/@mapbox/node-pre-gyp/lib/util/s3_setup.js:76:22: ERROR: Could not resolve "aws-sdk"
node_modules/@mapbox/node-pre-gyp/lib/util/s3_setup.js:112:23: ERROR: Could not resolve "nock"
    at failureErrorWithLog (/home/u884871213/domains/vevoline.space/public_html/.builds/source/node_modules/esbuild/lib/main.js:1467:15)
    at /home/u884871213/domains/vevoline.space/public_html/.builds/source/node_modules/esbuild/lib/main.js:926:25
    at /home/u884871213/domains/vevoline.space/public_html/.builds/source/node_modules/esbuild/lib/main.js:878:52
    at buildResponseToResult (/home/u884871213/domains/vevoline.space/public_html/.builds/source/node_modules/esbuild/lib/main.js:924:7)
    at /home/u884871213/domains/vevoline.space/public_html/.builds/source/node_modules/esbuild/lib/main.js:951:16
    at responseCallbacks.<computed> (/home/u884871213/domains/vevoline.space/public_html/.builds/source/node_modules/esbuild/lib/main.js:603:9)
    at handleIncomingPacket (/home/u884871213/domains/vevoline.space/public_html/.builds/source/node_modules/esbuild/lib/main.js:658:12)
    at Socket.readFromStdout (/home/u884871213/domains/vevoline.space/public_html/.builds/source/node_modules/esbuild/lib/main.js:581:7)
    at Socket.emit (node:events:518:28)
    at addChunk (node:internal/streams/readable:561:12) {
  errors: [Getter/Setter],
  warnings: [Getter/Setter]
}
npm error code 1
npm error path /home/u884871213/domains/vevoline.space/public_html/.builds/source
npm error command failed
npm error command sh -c npm run build
npm error A complete log of this run can be found in: /home/u884871213/.npm/_logs/2026-02-14T14_28_34_894Z-debug-0.log
[31mERROR: Failed to install dependencies[0m
[36mNOTICE: Attempting to install with legacy peer dependencies enabled[0m

> rest-express@1.0.0 postinstall
> npm run build


> rest-express@1.0.0 build
> node node_modules/tsx/dist/cli.mjs script/build.ts

building client...
vite v5.4.21 building for production...
transforming...

A PostCSS plugin did not pass the `from` option to `postcss.parse`. This may cause imported assets to be incorrectly transformed. If you've recently added a PostCSS plugin that raised this warning, please contact the package author to fix the issue.
âœ“ 3552 modules transformed.
rendering chunks...
computing gzip size...
../dist/public/index.html                     0.98 kB â”‚ gzip:   0.56 kB
../dist/public/assets/logo-DwpnHF_f.png     155.77 kB
../dist/public/assets/index-CzMkbacy.css     96.75 kB â”‚ gzip:  15.75 kB
../dist/public/assets/index-BL5CNaGH.js   1,468.63 kB â”‚ gzip: 395.42 kB

(!) Some chunks are larger than 500 kB after minification. Consider:
- Using dynamic import() to code-split the application
- Use build.rollupOptions.output.manualChunks to improve chunking: https://rollupjs.org/configuration-options/#output-manualchunks
- Adjust chunk size limit for this warning via build.chunkSizeWarningLimit.
âœ“ built in 11.69s
building server...
â–² [WARNING] The CommonJS "module" variable is treated as a global variable in an ECMAScript module and may not work as expected [commonjs-variable-in-esm]

    server/index.ts:203:3:
      203 â”‚   (module as any).exports = app;
          â•µ    ~~~~~~

  This file is considered to be an ECMAScript module because of the "export" keyword here:

    server/index.ts:199:0:
      199 â”‚ export default app;
          â•µ ~~~~~~

âœ˜ [ERROR] No loader is configured for ".html" files: node_modules/@mapbox/node-pre-gyp/lib/util/nw-pre-gyp/index.html

    node_modules/@mapbox/node-pre-gyp/lib/node-pre-gyp.js:86:21:
      86 â”‚       return require('./' + command)(self, argvx, callback);
         â•µ                      ~~~~~~~~~~~~~~

âœ˜ [ERROR] Could not resolve "mock-aws-s3"

    node_modules/@mapbox/node-pre-gyp/lib/util/s3_setup.js:43:28:
      43 â”‚     const AWSMock = require('mock-aws-s3');
         â•µ                             ~~~~~~~~~~~~~

  You can mark the path "mock-aws-s3" as external to exclude it from the bundle, which will remove this error and leave the unresolved path in the bundle. You can also surround this "require" call with a try/catch block to handle this failure at run-time instead of bundle-time.

âœ˜ [ERROR] Could not resolve "aws-sdk"

    node_modules/@mapbox/node-pre-gyp/lib/util/s3_setup.js:76:22:
      76 â”‚   const AWS = require('aws-sdk');
         â•µ                       ~~~~~~~~~

  You can mark the path "aws-sdk" as external to exclude it from the bundle, which will remove this error and leave the unresolved path in the bundle. You can also surround this "require" call with a try/catch block to handle this failure at run-time instead of bundle-time.

âœ˜ [ERROR] Could not resolve "nock"

    node_modules/@mapbox/node-pre-gyp/lib/util/s3_setup.js:112:23:
      112 â”‚   const nock = require('nock');
          â•µ                        ~~~~~~

  You can mark the path "nock" as external to exclude it from the bundle, which will remove this error and leave the unresolved path in the bundle. You can also surround this "require" call with a try/catch block to handle this failure at run-time instead of bundle-time.

1 warning and 4 errors
Error: Build failed with 4 errors:
node_modules/@mapbox/node-pre-gyp/lib/node-pre-gyp.js:86:21: ERROR: No loader is configured for ".html" files: node_modules/@mapbox/node-pre-gyp/lib/util/nw-pre-gyp/index.html
node_modules/@mapbox/node-pre-gyp/lib/util/s3_setup.js:43:28: ERROR: Could not resolve "mock-aws-s3"
node_modules/@mapbox/node-pre-gyp/lib/util/s3_setup.js:76:22: ERROR: Could not resolve "aws-sdk"
node_modules/@mapbox/node-pre-gyp/lib/util/s3_setup.js:112:23: ERROR: Could not resolve "nock"
    at failureErrorWithLog (/home/u884871213/domains/vevoline.space/public_html/.builds/source/node_modules/esbuild/lib/main.js:1467:15)
    at /home/u884871213/domains/vevoline.space/public_html/.builds/source/node_modules/esbuild/lib/main.js:926:25
    at /home/u884871213/domains/vevoline.space/public_html/.builds/source/node_modules/esbuild/lib/main.js:878:52
    at buildResponseToResult (/home/u884871213/domains/vevoline.space/public_html/.builds/source/node_modules/esbuild/lib/main.js:924:7)
    at /home/u884871213/domains/vevoline.space/public_html/.builds/source/node_modules/esbuild/lib/main.js:951:16
    at responseCallbacks.<computed> (/home/u884871213/domains/vevoline.space/public_html/.builds/source/node_modules/esbuild/lib/main.js:603:9)
    at handleIncomingPacket (/home/u884871213/domains/vevoline.space/public_html/.builds/source/node_modules/esbuild/lib/main.js:658:12)
    at Socket.readFromStdout (/home/u884871213/domains/vevoline.space/public_html/.builds/source/node_modules/esbuild/lib/main.js:581:7)
    at Socket.emit (node:events:518:28)
    at addChunk (node:internal/streams/readable:561:12) {
  errors: [Getter/Setter],
  warnings: [Getter/Setter]
}
npm error code 1
npm error path /home/u884871213/domains/vevoline.space/public_html/.builds/source
npm error command failed
npm error command sh -c npm run build
npm error A complete log of this run can be found in: /home/u884871213/.npm/_logs/2026-02-14T14_29_18_332Z-debug-0.log
[31mERROR: Failed to install dependencies[0m